<?xml version="1.0" encoding="UTF-8"?>
<testng-results ignored="0" total="1" passed="1" failed="0" skipped="0">
  <reporter-output>
  </reporter-output>
  <suite started-at="2024-08-21T14:38:39 AEST" name="Surefire suite" finished-at="2024-08-21T14:38:48 AEST" duration-ms="9074">
    <groups>
    </groups>
    <test started-at="2024-08-21T14:38:39 AEST" name="Surefire test" finished-at="2024-08-21T14:38:48 AEST" duration-ms="9074">
      <class name="Smartstack.net.Pojo_Files.Page_factory_Test">
        <test-method signature="name()" started-at="2024-08-21T14:38:39 AEST" name="name" finished-at="2024-08-21T14:38:48 AEST" duration-ms="8944" status="PASS">
          <reporter-output>
          </reporter-output>
        </test-method> <!-- name -->
      </class> <!-- Smartstack.net.Pojo_Files.Page_factory_Test -->
    </test> <!-- Surefire test -->
  </suite> <!-- Surefire suite -->
</testng-results>
